<?xml version="1.0" encoding="UTF-8"?>
<testsuite xmlns:xsi="http://www.w3.org/2001/XMLSchema-instance" xsi:noNamespaceSchemaLocation="https://maven.apache.org/surefire/maven-surefire-plugin/xsd/surefire-test-report-3.0.xsd" version="3.0" name="com.example.swfinal.SwFinalApplicationTests" time="4.877" tests="1" errors="0" skipped="0" failures="0">
  <properties>
[...]
</properties>
  <testcase name="contextLoads" classname="com.example.swfinal.SwFinalApplicationTests" time="1.028">
    <system-out><![CDATA[09:47:56.355 [main] INFO org.springframework.test.context.support.AnnotationConfigContextLoaderUtils -- Could not detect default configuration classes for test class [com.example.swfinal.SwFinalApplicationTests]: SwFinalApplicationTests does not declare any static, non-private, non-final, nested classes annotated with @Configuration.
09:47:56.477 [main] INFO org.springframework.boot.test.context.SpringBootTestContextBootstrapper -- Found @SpringBootConfiguration com.example.swfinal.SwFinalApplication for test class com.example.swfinal.SwFinalApplicationTests

  .   ____          _            __ _ _
 /\\ / ___'_ __ _ _(_)_ __  __ _ \ \ \ \
( ( )\___ | '_ | '_| | '_ \/ _` | \ \ \ \
 \\/  ___)| |_)| | | | | || (_| |  ) ) ) )
  '  |____| .__|_| |_|_| |_\__, | / / / /
 =========|_|==============|___/=/_/_/_/

 :: Spring Boot ::                (v3.3.3)

2024-09-06T09:47:56.993+08:00  INFO 34664 --- [SWFinal] [           main] c.e.swfinal.SwFinalApplicationTests      : Starting SwFinalApplicationTests using Java 17.0.10 with PID 34664 (started by 88693 in D:\Summer_Vacation_HW\SWFinal)
2024-09-06T09:47:56.995+08:00  INFO 34664 --- [SWFinal] [           main] c.e.swfinal.SwFinalApplicationTests      : No active profile set, falling back to 1 default profile: "default"
2024-09-06T09:47:57.691+08:00  INFO 34664 --- [SWFinal] [           main] .s.d.r.c.RepositoryConfigurationDelegate : Bootstrapping Spring Data MongoDB repositories in DEFAULT mode.
2024-09-06T09:47:57.770+08:00  INFO 34664 --- [SWFinal] [           main] .s.d.r.c.RepositoryConfigurationDelegate : Finished Spring Data repository scanning in 66 ms. Found 1 MongoDB repository interface.
2024-09-06T09:47:58.397+08:00  INFO 34664 --- [SWFinal] [fcs.mongodb.net] org.mongodb.driver.cluster               : Adding discovered server ac-yfww3gu-shard-00-00.14o1fcs.mongodb.net:27017 to client view of cluster
2024-09-06T09:47:58.435+08:00  INFO 34664 --- [SWFinal] [           main] org.mongodb.driver.client                : MongoClient with metadata {"application": {"name": "Cluster0"}, "driver": {"name": "mongo-java-driver|sync|spring-boot", "version": "5.0.1"}, "os": {"type": "Windows", "name": "Windows 10", "architecture": "amd64", "version": "10.0"}, "platform": "Java/Oracle Corporation/17.0.10+11-LTS-240"} created with settings MongoClientSettings{readPreference=primary, writeConcern=WriteConcern{w=majority, wTimeout=null ms, journal=null}, retryWrites=true, retryReads=true, readConcern=ReadConcern{level=null}, credential=MongoCredential{mechanism=null, userName='tester', source='admin', password=<hidden>, mechanismProperties=<hidden>}, transportSettings=null, commandListeners=[], codecRegistry=ProvidersCodecRegistry{codecProviders=[ValueCodecProvider{}, BsonValueCodecProvider{}, DBRefCodecProvider{}, DBObjectCodecProvider{}, DocumentCodecProvider{}, CollectionCodecProvider{}, IterableCodecProvider{}, MapCodecProvider{}, GeoJsonCodecProvider{}, GridFSFileCodecProvider{}, Jsr310CodecProvider{}, JsonObjectCodecProvider{}, BsonCodecProvider{}, EnumCodecProvider{}, com.mongodb.client.model.mql.ExpressionCodecProvider@3e8799f, com.mongodb.Jep395RecordCodecProvider@3b353651, com.mongodb.KotlinCodecProvider@270d43a7]}, loggerSettings=LoggerSettings{maxDocumentLength=1000}, clusterSettings={hosts=[127.0.0.1:27017], srvHost=cluster0.14o1fcs.mongodb.net, srvServiceName=mongodb, mode=MULTIPLE, requiredClusterType=REPLICA_SET, requiredReplicaSetName='atlas-wek6az-shard-0', serverSelector='null', clusterListeners='[]', serverSelectionTimeout='30000 ms', localThreshold='15 ms'}, socketSettings=SocketSettings{connectTimeoutMS=10000, readTimeoutMS=0, receiveBufferSize=0, proxySettings=ProxySettings{host=null, port=null, username=null, password=null}}, heartbeatSocketSettings=SocketSettings{connectTimeoutMS=10000, readTimeoutMS=10000, receiveBufferSize=0, proxySettings=ProxySettings{host=null, port=null, username=null, password=null}}, connectionPoolSettings=ConnectionPoolSettings{maxSize=100, minSize=0, maxWaitTimeMS=120000, maxConnectionLifeTimeMS=0, maxConnectionIdleTimeMS=0, maintenanceInitialDelayMS=0, maintenanceFrequencyMS=60000, connectionPoolListeners=[], maxConnecting=2}, serverSettings=ServerSettings{heartbeatFrequencyMS=10000, minHeartbeatFrequencyMS=500, serverListeners='[]', serverMonitorListeners='[]'}, sslSettings=SslSettings{enabled=true, invalidHostNameAllowed=false, context=null}, applicationName='Cluster0', compressorList=[], uuidRepresentation=JAVA_LEGACY, serverApi=null, autoEncryptionSettings=null, dnsClient=null, inetAddressResolver=null, contextProvider=null}
2024-09-06T09:47:58.452+08:00  INFO 34664 --- [SWFinal] [fcs.mongodb.net] org.mongodb.driver.cluster               : Adding discovered server ac-yfww3gu-shard-00-02.14o1fcs.mongodb.net:27017 to client view of cluster
2024-09-06T09:47:58.461+08:00  INFO 34664 --- [SWFinal] [fcs.mongodb.net] org.mongodb.driver.cluster               : Adding discovered server ac-yfww3gu-shard-00-01.14o1fcs.mongodb.net:27017 to client view of cluster
2024-09-06T09:47:59.025+08:00  INFO 34664 --- [SWFinal] [ngodb.net:27017] org.mongodb.driver.cluster               : Monitor thread successfully connected to server with description ServerDescription{address=ac-yfww3gu-shard-00-00.14o1fcs.mongodb.net:27017, type=REPLICA_SET_SECONDARY, state=CONNECTED, ok=true, minWireVersion=0, maxWireVersion=21, maxDocumentSize=16777216, logicalSessionTimeoutMinutes=30, roundTripTimeNanos=315048300, setName='atlas-wek6az-shard-0', canonicalAddress=ac-yfww3gu-shard-00-00.14o1fcs.mongodb.net:27017, hosts=[ac-yfww3gu-shard-00-00.14o1fcs.mongodb.net:27017, ac-yfww3gu-shard-00-01.14o1fcs.mongodb.net:27017, ac-yfww3gu-shard-00-02.14o1fcs.mongodb.net:27017], passives=[], arbiters=[], primary='ac-yfww3gu-shard-00-01.14o1fcs.mongodb.net:27017', tagSet=TagSet{[Tag{name='availabilityZone', value='asia-east1-a'}, Tag{name='diskState', value='READY'}, Tag{name='nodeType', value='ELECTABLE'}, Tag{name='provider', value='GCP'}, Tag{name='region', value='EASTERN_ASIA_PACIFIC'}, Tag{name='workloadType', value='OPERATIONAL'}]}, electionId=null, setVersion=39, topologyVersion=TopologyVersion{processId=66cf5896c745e96aaf44832f, counter=4}, lastWriteDate=Fri Sep 06 09:47:58 CST 2024, lastUpdateTimeNanos=1371668961555600}
2024-09-06T09:47:59.025+08:00  INFO 34664 --- [SWFinal] [ngodb.net:27017] org.mongodb.driver.cluster               : Monitor thread successfully connected to server with description ServerDescription{address=ac-yfww3gu-shard-00-02.14o1fcs.mongodb.net:27017, type=REPLICA_SET_SECONDARY, state=CONNECTED, ok=true, minWireVersion=0, maxWireVersion=21, maxDocumentSize=16777216, logicalSessionTimeoutMinutes=30, roundTripTimeNanos=302657600, setName='atlas-wek6az-shard-0', canonicalAddress=ac-yfww3gu-shard-00-02.14o1fcs.mongodb.net:27017, hosts=[ac-yfww3gu-shard-00-00.14o1fcs.mongodb.net:27017, ac-yfww3gu-shard-00-01.14o1fcs.mongodb.net:27017, ac-yfww3gu-shard-00-02.14o1fcs.mongodb.net:27017], passives=[], arbiters=[], primary='ac-yfww3gu-shard-00-01.14o1fcs.mongodb.net:27017', tagSet=TagSet{[Tag{name='availabilityZone', value='asia-east1-c'}, Tag{name='diskState', value='READY'}, Tag{name='nodeType', value='ELECTABLE'}, Tag{name='provider', value='GCP'}, Tag{name='region', value='EASTERN_ASIA_PACIFIC'}, Tag{name='workloadType', value='OPERATIONAL'}]}, electionId=null, setVersion=39, topologyVersion=TopologyVersion{processId=66cf59409423c902d42679d0, counter=3}, lastWriteDate=Fri Sep 06 09:47:58 CST 2024, lastUpdateTimeNanos=1371668961340000}
2024-09-06T09:47:59.025+08:00  INFO 34664 --- [SWFinal] [ngodb.net:27017] org.mongodb.driver.cluster               : Monitor thread successfully connected to server with description ServerDescription{address=ac-yfww3gu-shard-00-01.14o1fcs.mongodb.net:27017, type=REPLICA_SET_PRIMARY, state=CONNECTED, ok=true, minWireVersion=0, maxWireVersion=21, maxDocumentSize=16777216, logicalSessionTimeoutMinutes=30, roundTripTimeNanos=302657700, setName='atlas-wek6az-shard-0', canonicalAddress=ac-yfww3gu-shard-00-01.14o1fcs.mongodb.net:27017, hosts=[ac-yfww3gu-shard-00-00.14o1fcs.mongodb.net:27017, ac-yfww3gu-shard-00-01.14o1fcs.mongodb.net:27017, ac-yfww3gu-shard-00-02.14o1fcs.mongodb.net:27017], passives=[], arbiters=[], primary='ac-yfww3gu-shard-00-01.14o1fcs.mongodb.net:27017', tagSet=TagSet{[Tag{name='availabilityZone', value='asia-east1-b'}, Tag{name='diskState', value='READY'}, Tag{name='nodeType', value='ELECTABLE'}, Tag{name='provider', value='GCP'}, Tag{name='region', value='EASTERN_ASIA_PACIFIC'}, Tag{name='workloadType', value='OPERATIONAL'}]}, electionId=7fffffff0000000000000210, setVersion=39, topologyVersion=TopologyVersion{processId=66cf58ebab38ca6585995af0, counter=6}, lastWriteDate=Fri Sep 06 09:47:58 CST 2024, lastUpdateTimeNanos=1371668961340000}
2024-09-06T09:47:59.031+08:00  INFO 34664 --- [SWFinal] [ngodb.net:27017] org.mongodb.driver.cluster               : Discovered replica set primary ac-yfww3gu-shard-00-01.14o1fcs.mongodb.net:27017 with max election id 7fffffff0000000000000210 and max set version 39
2024-09-06T09:47:59.623+08:00  WARN 34664 --- [SWFinal] [           main] ion$DefaultTemplateResolverConfiguration : Cannot find template location: classpath:/templates/ (please add some templates, check your Thymeleaf configuration, or set spring.thymeleaf.check-template-location=false)
2024-09-06T09:47:59.711+08:00  INFO 34664 --- [SWFinal] [           main] c.e.swfinal.SwFinalApplicationTests      : Started SwFinalApplicationTests in 3.048 seconds (process running for 4.096)
當前 MongoDB URI: null
資料庫中已有資料。
]]></system-out>
  </testcase>
</testsuite>